<?xml version="1.0" encoding="UTF-8"?>
<!-- Generated by org.testng.reporters.JUnitReportReporter -->
<testsuite hostname="Abhinavs-MacBook-Pro-2.local" failures="0" tests="1" name="Automation.Selenium.Animall" time="14.470" errors="0" timestamp="2022-08-10T15:03:07 IST" skipped="0">
  <testcase classname="Automation.Selenium.Animall" name="animallWebsite" time="14.470"/>
  <system-out/>
</testsuite> <!-- Automation.Selenium.Animall -->
